2022-08-05 09:52:23,215 INFO org.springframework.boot.StartupInfoLogger [restartedMain] Starting AnabulShopCareApplication using Java 18.0.1.1 on Harist with PID 12716 (D:\learn-java\anabul-shop-care\target\classes started by islam in D:\learn-java\anabul-shop-care)
2022-08-05 09:52:23,218 DEBUG org.springframework.boot.StartupInfoLogger [restartedMain] Running with Spring Boot v2.7.2, Spring v5.3.22
2022-08-05 09:52:23,220 INFO org.springframework.boot.SpringApplication [restartedMain] No active profile set, falling back to 1 default profile: "default"
2022-08-05 09:52:26,613 WARN org.springframework.boot.autoconfigure.orm.jpa.JpaBaseConfiguration$JpaWebConfiguration [restartedMain] spring.jpa.open-in-view is enabled by default. Therefore, database queries may be performed during view rendering. Explicitly configure spring.jpa.open-in-view to disable this warning
2022-08-05 09:52:27,346 INFO org.springframework.boot.StartupInfoLogger [restartedMain] Started AnabulShopCareApplication in 4.542 seconds (JVM running for 5.32)
2022-08-05 09:55:03,531 INFO org.springframework.boot.StartupInfoLogger [restartedMain] Starting AnabulShopCareApplication using Java 18.0.1.1 on Harist with PID 17828 (D:\learn-java\anabul-shop-care\target\classes started by islam in D:\learn-java\anabul-shop-care)
2022-08-05 09:55:03,532 DEBUG org.springframework.boot.StartupInfoLogger [restartedMain] Running with Spring Boot v2.7.2, Spring v5.3.22
2022-08-05 09:55:03,533 INFO org.springframework.boot.SpringApplication [restartedMain] No active profile set, falling back to 1 default profile: "default"
2022-08-05 09:55:06,306 WARN org.springframework.boot.autoconfigure.orm.jpa.JpaBaseConfiguration$JpaWebConfiguration [restartedMain] spring.jpa.open-in-view is enabled by default. Therefore, database queries may be performed during view rendering. Explicitly configure spring.jpa.open-in-view to disable this warning
2022-08-05 09:55:07,017 INFO org.springframework.boot.StartupInfoLogger [restartedMain] Started AnabulShopCareApplication in 3.813 seconds (JVM running for 4.455)
2022-08-05 09:55:31,172 INFO org.springframework.boot.StartupInfoLogger [restartedMain] Starting AnabulShopCareApplication using Java 18.0.1.1 on Harist with PID 20136 (D:\learn-java\anabul-shop-care\target\classes started by islam in D:\learn-java\anabul-shop-care)
2022-08-05 09:55:31,174 DEBUG org.springframework.boot.StartupInfoLogger [restartedMain] Running with Spring Boot v2.7.2, Spring v5.3.22
2022-08-05 09:55:31,175 INFO org.springframework.boot.SpringApplication [restartedMain] No active profile set, falling back to 1 default profile: "default"
2022-08-05 09:55:34,201 WARN org.springframework.boot.autoconfigure.orm.jpa.JpaBaseConfiguration$JpaWebConfiguration [restartedMain] spring.jpa.open-in-view is enabled by default. Therefore, database queries may be performed during view rendering. Explicitly configure spring.jpa.open-in-view to disable this warning
2022-08-05 09:55:34,895 INFO org.springframework.boot.StartupInfoLogger [restartedMain] Started AnabulShopCareApplication in 4.051 seconds (JVM running for 4.711)
2022-08-05 09:56:06,230 INFO org.springframework.boot.StartupInfoLogger [restartedMain] Starting AnabulShopCareApplication using Java 18.0.1.1 on Harist with PID 8472 (D:\learn-java\anabul-shop-care\target\classes started by islam in D:\learn-java\anabul-shop-care)
2022-08-05 09:56:06,231 DEBUG org.springframework.boot.StartupInfoLogger [restartedMain] Running with Spring Boot v2.7.2, Spring v5.3.22
2022-08-05 09:56:06,232 INFO org.springframework.boot.SpringApplication [restartedMain] No active profile set, falling back to 1 default profile: "default"
2022-08-05 09:56:09,025 WARN org.springframework.boot.autoconfigure.orm.jpa.JpaBaseConfiguration$JpaWebConfiguration [restartedMain] spring.jpa.open-in-view is enabled by default. Therefore, database queries may be performed during view rendering. Explicitly configure spring.jpa.open-in-view to disable this warning
2022-08-05 09:56:09,732 INFO org.springframework.boot.StartupInfoLogger [restartedMain] Started AnabulShopCareApplication in 3.811 seconds (JVM running for 4.382)
2022-08-05 09:58:10,193 INFO org.springframework.boot.StartupInfoLogger [restartedMain] Starting AnabulShopCareApplication using Java 18.0.1.1 on Harist with PID 7480 (D:\learn-java\anabul-shop-care\target\classes started by islam in D:\learn-java\anabul-shop-care)
2022-08-05 09:58:10,194 DEBUG org.springframework.boot.StartupInfoLogger [restartedMain] Running with Spring Boot v2.7.2, Spring v5.3.22
2022-08-05 09:58:10,194 INFO org.springframework.boot.SpringApplication [restartedMain] No active profile set, falling back to 1 default profile: "default"
2022-08-05 09:58:13,201 WARN org.springframework.boot.autoconfigure.orm.jpa.JpaBaseConfiguration$JpaWebConfiguration [restartedMain] spring.jpa.open-in-view is enabled by default. Therefore, database queries may be performed during view rendering. Explicitly configure spring.jpa.open-in-view to disable this warning
2022-08-05 09:58:13,916 INFO org.springframework.boot.StartupInfoLogger [restartedMain] Started AnabulShopCareApplication in 4.055 seconds (JVM running for 4.656)
2022-08-05 10:04:10,514 INFO org.springframework.boot.StartupInfoLogger [restartedMain] Starting AnabulShopCareApplication using Java 18.0.1.1 on Harist with PID 15620 (D:\learn-java\anabul-shop-care\target\classes started by islam in D:\learn-java\anabul-shop-care)
2022-08-05 10:04:10,515 DEBUG org.springframework.boot.StartupInfoLogger [restartedMain] Running with Spring Boot v2.7.2, Spring v5.3.22
2022-08-05 10:04:10,516 INFO org.springframework.boot.SpringApplication [restartedMain] No active profile set, falling back to 1 default profile: "default"
2022-08-05 10:04:13,249 WARN org.springframework.boot.autoconfigure.orm.jpa.JpaBaseConfiguration$JpaWebConfiguration [restartedMain] spring.jpa.open-in-view is enabled by default. Therefore, database queries may be performed during view rendering. Explicitly configure spring.jpa.open-in-view to disable this warning
2022-08-05 10:04:13,900 INFO org.springframework.boot.StartupInfoLogger [restartedMain] Started AnabulShopCareApplication in 3.701 seconds (JVM running for 4.292)
2022-08-05 10:08:59,971 INFO org.springframework.boot.StartupInfoLogger [restartedMain] Starting AnabulShopCareApplication using Java 18.0.1.1 on Harist with PID 9856 (D:\learn-java\anabul-shop-care\target\classes started by islam in D:\learn-java\anabul-shop-care)
2022-08-05 10:08:59,972 DEBUG org.springframework.boot.StartupInfoLogger [restartedMain] Running with Spring Boot v2.7.2, Spring v5.3.22
2022-08-05 10:08:59,972 INFO org.springframework.boot.SpringApplication [restartedMain] No active profile set, falling back to 1 default profile: "default"
2022-08-05 10:09:02,713 WARN org.springframework.boot.autoconfigure.orm.jpa.JpaBaseConfiguration$JpaWebConfiguration [restartedMain] spring.jpa.open-in-view is enabled by default. Therefore, database queries may be performed during view rendering. Explicitly configure spring.jpa.open-in-view to disable this warning
2022-08-05 10:09:03,401 INFO org.springframework.boot.StartupInfoLogger [restartedMain] Started AnabulShopCareApplication in 3.74 seconds (JVM running for 4.304)
2022-08-05 10:09:12,400 WARN org.springframework.web.servlet.handler.AbstractHandlerExceptionResolver [http-nio-8081-exec-2] Resolved [org.springframework.http.converter.HttpMessageNotReadableException: JSON parse error: Unexpected character ('}' (code 125)): was expecting double-quote to start field name; nested exception is com.fasterxml.jackson.databind.JsonMappingException: Unexpected character ('}' (code 125)): was expecting double-quote to start field name<EOL> at [Source: (org.springframework.util.StreamUtils$NonClosingInputStream); line: 4, column: 4] (through reference chain: team.kucing.anabulshopcare.dto.request.AddressRequest["provinsi"])]
2022-08-05 10:09:42,875 INFO org.springframework.boot.StartupInfoLogger [restartedMain] Starting AnabulShopCareApplication using Java 18.0.1.1 on Harist with PID 9568 (D:\learn-java\anabul-shop-care\target\classes started by islam in D:\learn-java\anabul-shop-care)
2022-08-05 10:09:42,876 DEBUG org.springframework.boot.StartupInfoLogger [restartedMain] Running with Spring Boot v2.7.2, Spring v5.3.22
2022-08-05 10:09:42,877 INFO org.springframework.boot.SpringApplication [restartedMain] No active profile set, falling back to 1 default profile: "default"
2022-08-05 10:09:45,556 WARN org.springframework.boot.autoconfigure.orm.jpa.JpaBaseConfiguration$JpaWebConfiguration [restartedMain] spring.jpa.open-in-view is enabled by default. Therefore, database queries may be performed during view rendering. Explicitly configure spring.jpa.open-in-view to disable this warning
2022-08-05 10:09:46,207 INFO org.springframework.boot.StartupInfoLogger [restartedMain] Started AnabulShopCareApplication in 3.649 seconds (JVM running for 4.203)
2022-08-05 10:14:47,035 INFO org.springframework.boot.StartupInfoLogger [restartedMain] Starting AnabulShopCareApplication using Java 18.0.1.1 on Harist with PID 9760 (D:\learn-java\anabul-shop-care\target\classes started by islam in D:\learn-java\anabul-shop-care)
2022-08-05 10:14:47,037 DEBUG org.springframework.boot.StartupInfoLogger [restartedMain] Running with Spring Boot v2.7.2, Spring v5.3.22
2022-08-05 10:14:47,037 INFO org.springframework.boot.SpringApplication [restartedMain] No active profile set, falling back to 1 default profile: "default"
2022-08-05 10:14:49,799 WARN org.springframework.boot.autoconfigure.orm.jpa.JpaBaseConfiguration$JpaWebConfiguration [restartedMain] spring.jpa.open-in-view is enabled by default. Therefore, database queries may be performed during view rendering. Explicitly configure spring.jpa.open-in-view to disable this warning
2022-08-05 10:14:50,450 INFO org.springframework.boot.StartupInfoLogger [restartedMain] Started AnabulShopCareApplication in 3.729 seconds (JVM running for 4.297)
2022-08-05 10:19:43,147 INFO org.springframework.boot.StartupInfoLogger [restartedMain] Starting AnabulShopCareApplication using Java 18.0.1.1 on Harist with PID 768 (D:\learn-java\anabul-shop-care\target\classes started by islam in D:\learn-java\anabul-shop-care)
2022-08-05 10:19:43,149 DEBUG org.springframework.boot.StartupInfoLogger [restartedMain] Running with Spring Boot v2.7.2, Spring v5.3.22
2022-08-05 10:19:43,149 INFO org.springframework.boot.SpringApplication [restartedMain] No active profile set, falling back to 1 default profile: "default"
2022-08-05 10:19:45,836 WARN org.springframework.boot.autoconfigure.orm.jpa.JpaBaseConfiguration$JpaWebConfiguration [restartedMain] spring.jpa.open-in-view is enabled by default. Therefore, database queries may be performed during view rendering. Explicitly configure spring.jpa.open-in-view to disable this warning
2022-08-05 10:19:46,502 INFO org.springframework.boot.StartupInfoLogger [restartedMain] Started AnabulShopCareApplication in 3.677 seconds (JVM running for 4.286)
2022-08-05 10:20:16,504 INFO org.springframework.boot.StartupInfoLogger [restartedMain] Starting AnabulShopCareApplication using Java 18.0.1.1 on Harist with PID 10304 (D:\learn-java\anabul-shop-care\target\classes started by islam in D:\learn-java\anabul-shop-care)
2022-08-05 10:20:16,505 DEBUG org.springframework.boot.StartupInfoLogger [restartedMain] Running with Spring Boot v2.7.2, Spring v5.3.22
2022-08-05 10:20:16,506 INFO org.springframework.boot.SpringApplication [restartedMain] No active profile set, falling back to 1 default profile: "default"
2022-08-05 10:20:19,785 WARN org.springframework.boot.autoconfigure.orm.jpa.JpaBaseConfiguration$JpaWebConfiguration [restartedMain] spring.jpa.open-in-view is enabled by default. Therefore, database queries may be performed during view rendering. Explicitly configure spring.jpa.open-in-view to disable this warning
2022-08-05 10:20:20,470 INFO org.springframework.boot.StartupInfoLogger [restartedMain] Started AnabulShopCareApplication in 4.298 seconds (JVM running for 4.89)
2022-08-05 12:00:10,174 INFO org.springframework.boot.StartupInfoLogger [restartedMain] Starting AnabulShopCareApplication using Java 18.0.1.1 on Harist with PID 17016 (D:\learn-java\anabul-shop-care\target\classes started by islam in D:\learn-java\anabul-shop-care)
2022-08-05 12:00:10,175 DEBUG org.springframework.boot.StartupInfoLogger [restartedMain] Running with Spring Boot v2.7.2, Spring v5.3.22
2022-08-05 12:00:10,176 INFO org.springframework.boot.SpringApplication [restartedMain] No active profile set, falling back to 1 default profile: "default"
2022-08-05 12:00:13,894 WARN org.springframework.boot.autoconfigure.orm.jpa.JpaBaseConfiguration$JpaWebConfiguration [restartedMain] spring.jpa.open-in-view is enabled by default. Therefore, database queries may be performed during view rendering. Explicitly configure spring.jpa.open-in-view to disable this warning
2022-08-05 12:00:14,665 INFO org.springframework.boot.StartupInfoLogger [restartedMain] Started AnabulShopCareApplication in 4.868 seconds (JVM running for 5.591)
2022-08-05 12:01:12,333 WARN org.springframework.web.servlet.handler.AbstractHandlerExceptionResolver [http-nio-8081-exec-4] Resolved [team.kucing.anabulshopcare.exception.BadRequestException: Email already registered, try login]
2022-08-05 12:03:09,568 INFO org.springframework.boot.StartupInfoLogger [restartedMain] Starting AnabulShopCareApplication using Java 18.0.1.1 on Harist with PID 18076 (D:\learn-java\anabul-shop-care\target\classes started by islam in D:\learn-java\anabul-shop-care)
2022-08-05 12:03:09,570 DEBUG org.springframework.boot.StartupInfoLogger [restartedMain] Running with Spring Boot v2.7.2, Spring v5.3.22
2022-08-05 12:03:09,570 INFO org.springframework.boot.SpringApplication [restartedMain] No active profile set, falling back to 1 default profile: "default"
2022-08-05 12:03:12,387 WARN org.springframework.boot.autoconfigure.orm.jpa.JpaBaseConfiguration$JpaWebConfiguration [restartedMain] spring.jpa.open-in-view is enabled by default. Therefore, database queries may be performed during view rendering. Explicitly configure spring.jpa.open-in-view to disable this warning
2022-08-05 12:03:13,105 INFO org.springframework.boot.StartupInfoLogger [restartedMain] Started AnabulShopCareApplication in 3.862 seconds (JVM running for 4.454)
2022-08-05 12:03:15,462 WARN org.springframework.web.servlet.handler.AbstractHandlerExceptionResolver [http-nio-8081-exec-2] Resolved [team.kucing.anabulshopcare.exception.BadRequestException: Email already registered, try login]
2022-08-05 12:03:37,914 WARN org.springframework.web.servlet.handler.AbstractHandlerExceptionResolver [http-nio-8081-exec-4] Resolved [team.kucing.anabulshopcare.exception.BadRequestException: Phone number already registered]
