2022-08-09 10:11:33,112 INFO org.springframework.boot.StartupInfoLogger [restartedMain] Starting AnabulShopCareApplication using Java 18.0.2 on DESKTOP-L8RUQ5E with PID 7028 (C:\Users\bootcamp\anabul-shop-care\target\classes started by Yellia Viona in C:\Users\bootcamp\anabul-shop-care)
2022-08-09 10:11:33,117 DEBUG org.springframework.boot.StartupInfoLogger [restartedMain] Running with Spring Boot v2.7.2, Spring v5.3.22
2022-08-09 10:11:33,123 INFO org.springframework.boot.SpringApplication [restartedMain] No active profile set, falling back to 1 default profile: "default"
2022-08-09 10:11:57,348 WARN org.springframework.boot.autoconfigure.orm.jpa.JpaBaseConfiguration$JpaWebConfiguration [restartedMain] spring.jpa.open-in-view is enabled by default. Therefore, database queries may be performed during view rendering. Explicitly configure spring.jpa.open-in-view to disable this warning
2022-08-09 10:12:05,706 INFO org.springframework.boot.StartupInfoLogger [restartedMain] Started AnabulShopCareApplication in 34.188 seconds (JVM running for 37.528)
2022-08-09 10:17:13,429 INFO org.springframework.boot.StartupInfoLogger [restartedMain] Starting AnabulShopCareApplication using Java 18.0.2 on DESKTOP-L8RUQ5E with PID 12548 (C:\Users\bootcamp\anabul-shop-care\target\classes started by Yellia Viona in C:\Users\bootcamp\anabul-shop-care)
2022-08-09 10:17:13,435 DEBUG org.springframework.boot.StartupInfoLogger [restartedMain] Running with Spring Boot v2.7.2, Spring v5.3.22
2022-08-09 10:17:13,437 INFO org.springframework.boot.SpringApplication [restartedMain] No active profile set, falling back to 1 default profile: "default"
2022-08-09 10:17:34,129 WARN org.springframework.boot.autoconfigure.orm.jpa.JpaBaseConfiguration$JpaWebConfiguration [restartedMain] spring.jpa.open-in-view is enabled by default. Therefore, database queries may be performed during view rendering. Explicitly configure spring.jpa.open-in-view to disable this warning
2022-08-09 10:17:44,555 INFO org.springframework.boot.StartupInfoLogger [restartedMain] Started AnabulShopCareApplication in 32.499 seconds (JVM running for 34.054)
2022-08-09 10:21:17,853 INFO org.springframework.boot.StartupInfoLogger [restartedMain] Starting AnabulShopCareApplication using Java 18.0.2 on DESKTOP-L8RUQ5E with PID 3564 (C:\Users\bootcamp\anabul-shop-care\target\classes started by Yellia Viona in C:\Users\bootcamp\anabul-shop-care)
2022-08-09 10:21:17,857 DEBUG org.springframework.boot.StartupInfoLogger [restartedMain] Running with Spring Boot v2.7.2, Spring v5.3.22
2022-08-09 10:21:17,859 INFO org.springframework.boot.SpringApplication [restartedMain] No active profile set, falling back to 1 default profile: "default"
2022-08-09 10:21:35,177 WARN org.springframework.boot.autoconfigure.orm.jpa.JpaBaseConfiguration$JpaWebConfiguration [restartedMain] spring.jpa.open-in-view is enabled by default. Therefore, database queries may be performed during view rendering. Explicitly configure spring.jpa.open-in-view to disable this warning
2022-08-09 10:21:41,860 INFO org.springframework.boot.StartupInfoLogger [restartedMain] Started AnabulShopCareApplication in 25.826 seconds (JVM running for 28.231)
2022-08-09 23:27:51,429 INFO org.springframework.boot.StartupInfoLogger [restartedMain] Starting AnabulShopCareApplication using Java 18.0.2 on DESKTOP-L8RUQ5E with PID 11328 (C:\Users\bootcamp\anabul-shop-care\target\classes started by Yellia Viona in C:\Users\bootcamp\anabul-shop-care)
2022-08-09 23:27:51,432 DEBUG org.springframework.boot.StartupInfoLogger [restartedMain] Running with Spring Boot v2.7.2, Spring v5.3.22
2022-08-09 23:27:51,435 INFO org.springframework.boot.SpringApplication [restartedMain] No active profile set, falling back to 1 default profile: "default"
2022-08-09 23:28:07,076 WARN org.springframework.context.support.AbstractApplicationContext [restartedMain] Exception encountered during context initialization - cancelling refresh attempt: org.springframework.beans.factory.UnsatisfiedDependencyException: Error creating bean with name 'checkoutController' defined in file [C:\Users\bootcamp\anabul-shop-care\target\classes\team\kucing\anabulshopcare\resources\rest\CheckoutController.class]: Unsatisfied dependency expressed through constructor parameter 0; nested exception is org.springframework.beans.factory.UnsatisfiedDependencyException: Error creating bean with name 'checkoutServiceImpl' defined in file [C:\Users\bootcamp\anabul-shop-care\target\classes\team\kucing\anabulshopcare\service\impl\CheckoutServiceImpl.class]: Unsatisfied dependency expressed through constructor parameter 3; nested exception is org.springframework.beans.factory.BeanCreationException: Error creating bean with name 'couponRepository' defined in team.kucing.anabulshopcare.repository.CouponRepository defined in @EnableJpaRepositories declared on JpaRepositoriesRegistrar.EnableJpaRepositoriesConfiguration: Invocation of init method failed; nested exception is org.springframework.data.repository.query.QueryCreationException: Could not create query for public abstract team.kucing.anabulshopcare.entity.Coupon team.kucing.anabulshopcare.repository.CouponRepository.setLimitCoupon(java.lang.Long); Reason: Failed to create query for method public abstract team.kucing.anabulshopcare.entity.Coupon team.kucing.anabulshopcare.repository.CouponRepository.setLimitCoupon(java.lang.Long)! No property 'setLimitCoupon' found for type 'Coupon'; nested exception is java.lang.IllegalArgumentException: Failed to create query for method public abstract team.kucing.anabulshopcare.entity.Coupon team.kucing.anabulshopcare.repository.CouponRepository.setLimitCoupon(java.lang.Long)! No property 'setLimitCoupon' found for type 'Coupon'
2022-08-09 23:28:07,277 ERROR org.springframework.boot.SpringApplication [restartedMain] Application run failed
org.springframework.beans.factory.UnsatisfiedDependencyException: Error creating bean with name 'checkoutController' defined in file [C:\Users\bootcamp\anabul-shop-care\target\classes\team\kucing\anabulshopcare\resources\rest\CheckoutController.class]: Unsatisfied dependency expressed through constructor parameter 0; nested exception is org.springframework.beans.factory.UnsatisfiedDependencyException: Error creating bean with name 'checkoutServiceImpl' defined in file [C:\Users\bootcamp\anabul-shop-care\target\classes\team\kucing\anabulshopcare\service\impl\CheckoutServiceImpl.class]: Unsatisfied dependency expressed through constructor parameter 3; nested exception is org.springframework.beans.factory.BeanCreationException: Error creating bean with name 'couponRepository' defined in team.kucing.anabulshopcare.repository.CouponRepository defined in @EnableJpaRepositories declared on JpaRepositoriesRegistrar.EnableJpaRepositoriesConfiguration: Invocation of init method failed; nested exception is org.springframework.data.repository.query.QueryCreationException: Could not create query for public abstract team.kucing.anabulshopcare.entity.Coupon team.kucing.anabulshopcare.repository.CouponRepository.setLimitCoupon(java.lang.Long); Reason: Failed to create query for method public abstract team.kucing.anabulshopcare.entity.Coupon team.kucing.anabulshopcare.repository.CouponRepository.setLimitCoupon(java.lang.Long)! No property 'setLimitCoupon' found for type 'Coupon'; nested exception is java.lang.IllegalArgumentException: Failed to create query for method public abstract team.kucing.anabulshopcare.entity.Coupon team.kucing.anabulshopcare.repository.CouponRepository.setLimitCoupon(java.lang.Long)! No property 'setLimitCoupon' found for type 'Coupon'
	at org.springframework.beans.factory.support.ConstructorResolver.createArgumentArray(ConstructorResolver.java:800)
	at org.springframework.beans.factory.support.ConstructorResolver.autowireConstructor(ConstructorResolver.java:229)
	at org.springframework.beans.factory.support.AbstractAutowireCapableBeanFactory.autowireConstructor(AbstractAutowireCapableBeanFactory.java:1372)
	at org.springframework.beans.factory.support.AbstractAutowireCapableBeanFactory.createBeanInstance(AbstractAutowireCapableBeanFactory.java:1222)
	at org.springframework.beans.factory.support.AbstractAutowireCapableBeanFactory.doCreateBean(AbstractAutowireCapableBeanFactory.java:582)
	at org.springframework.beans.factory.support.AbstractAutowireCapableBeanFactory.createBean(AbstractAutowireCapableBeanFactory.java:542)
	at org.springframework.beans.factory.support.AbstractBeanFactory.lambda$doGetBean$0(AbstractBeanFactory.java:335)
	at org.springframework.beans.factory.support.DefaultSingletonBeanRegistry.getSingleton(DefaultSingletonBeanRegistry.java:234)
	at org.springframework.beans.factory.support.AbstractBeanFactory.doGetBean(AbstractBeanFactory.java:333)
	at org.springframework.beans.factory.support.AbstractBeanFactory.getBean(AbstractBeanFactory.java:208)
	at org.springframework.beans.factory.support.DefaultListableBeanFactory.preInstantiateSingletons(DefaultListableBeanFactory.java:955)
	at org.springframework.context.support.AbstractApplicationContext.finishBeanFactoryInitialization(AbstractApplicationContext.java:918)
	at org.springframework.context.support.AbstractApplicationContext.refresh(AbstractApplicationContext.java:583)
	at org.springframework.boot.web.servlet.context.ServletWebServerApplicationContext.refresh(ServletWebServerApplicationContext.java:147)
	at org.springframework.boot.SpringApplication.refresh(SpringApplication.java:734)
	at org.springframework.boot.SpringApplication.refreshContext(SpringApplication.java:408)
	at org.springframework.boot.SpringApplication.run(SpringApplication.java:308)
	at org.springframework.boot.SpringApplication.run(SpringApplication.java:1306)
	at org.springframework.boot.SpringApplication.run(SpringApplication.java:1295)
	at team.kucing.anabulshopcare.AnabulShopCareApplication.main(AnabulShopCareApplication.java:17)
	at java.base/jdk.internal.reflect.DirectMethodHandleAccessor.invoke(DirectMethodHandleAccessor.java:104)
	at java.base/java.lang.reflect.Method.invoke(Method.java:577)
	at org.springframework.boot.devtools.restart.RestartLauncher.run(RestartLauncher.java:49)
Caused by: org.springframework.beans.factory.UnsatisfiedDependencyException: Error creating bean with name 'checkoutServiceImpl' defined in file [C:\Users\bootcamp\anabul-shop-care\target\classes\team\kucing\anabulshopcare\service\impl\CheckoutServiceImpl.class]: Unsatisfied dependency expressed through constructor parameter 3; nested exception is org.springframework.beans.factory.BeanCreationException: Error creating bean with name 'couponRepository' defined in team.kucing.anabulshopcare.repository.CouponRepository defined in @EnableJpaRepositories declared on JpaRepositoriesRegistrar.EnableJpaRepositoriesConfiguration: Invocation of init method failed; nested exception is org.springframework.data.repository.query.QueryCreationException: Could not create query for public abstract team.kucing.anabulshopcare.entity.Coupon team.kucing.anabulshopcare.repository.CouponRepository.setLimitCoupon(java.lang.Long); Reason: Failed to create query for method public abstract team.kucing.anabulshopcare.entity.Coupon team.kucing.anabulshopcare.repository.CouponRepository.setLimitCoupon(java.lang.Long)! No property 'setLimitCoupon' found for type 'Coupon'; nested exception is java.lang.IllegalArgumentException: Failed to create query for method public abstract team.kucing.anabulshopcare.entity.Coupon team.kucing.anabulshopcare.repository.CouponRepository.setLimitCoupon(java.lang.Long)! No property 'setLimitCoupon' found for type 'Coupon'
	at org.springframework.beans.factory.support.ConstructorResolver.createArgumentArray(ConstructorResolver.java:800)
	at org.springframework.beans.factory.support.ConstructorResolver.autowireConstructor(ConstructorResolver.java:229)
	at org.springframework.beans.factory.support.AbstractAutowireCapableBeanFactory.autowireConstructor(AbstractAutowireCapableBeanFactory.java:1372)
	at org.springframework.beans.factory.support.AbstractAutowireCapableBeanFactory.createBeanInstance(AbstractAutowireCapableBeanFactory.java:1222)
	at org.springframework.beans.factory.support.AbstractAutowireCapableBeanFactory.doCreateBean(AbstractAutowireCapableBeanFactory.java:582)
	at org.springframework.beans.factory.support.AbstractAutowireCapableBeanFactory.createBean(AbstractAutowireCapableBeanFactory.java:542)
	at org.springframework.beans.factory.support.AbstractBeanFactory.lambda$doGetBean$0(AbstractBeanFactory.java:335)
	at org.springframework.beans.factory.support.DefaultSingletonBeanRegistry.getSingleton(DefaultSingletonBeanRegistry.java:234)
	at org.springframework.beans.factory.support.AbstractBeanFactory.doGetBean(AbstractBeanFactory.java:333)
	at org.springframework.beans.factory.support.AbstractBeanFactory.getBean(AbstractBeanFactory.java:208)
	at org.springframework.beans.factory.config.DependencyDescriptor.resolveCandidate(DependencyDescriptor.java:276)
	at org.springframework.beans.factory.support.DefaultListableBeanFactory.doResolveDependency(DefaultListableBeanFactory.java:1391)
	at org.springframework.beans.factory.support.DefaultListableBeanFactory.resolveDependency(DefaultListableBeanFactory.java:1311)
	at org.springframework.beans.factory.support.ConstructorResolver.resolveAutowiredArgument(ConstructorResolver.java:887)
	at org.springframework.beans.factory.support.ConstructorResolver.createArgumentArray(ConstructorResolver.java:791)
	... 22 common frames omitted
Caused by: org.springframework.beans.factory.BeanCreationException: Error creating bean with name 'couponRepository' defined in team.kucing.anabulshopcare.repository.CouponRepository defined in @EnableJpaRepositories declared on JpaRepositoriesRegistrar.EnableJpaRepositoriesConfiguration: Invocation of init method failed; nested exception is org.springframework.data.repository.query.QueryCreationException: Could not create query for public abstract team.kucing.anabulshopcare.entity.Coupon team.kucing.anabulshopcare.repository.CouponRepository.setLimitCoupon(java.lang.Long); Reason: Failed to create query for method public abstract team.kucing.anabulshopcare.entity.Coupon team.kucing.anabulshopcare.repository.CouponRepository.setLimitCoupon(java.lang.Long)! No property 'setLimitCoupon' found for type 'Coupon'; nested exception is java.lang.IllegalArgumentException: Failed to create query for method public abstract team.kucing.anabulshopcare.entity.Coupon team.kucing.anabulshopcare.repository.CouponRepository.setLimitCoupon(java.lang.Long)! No property 'setLimitCoupon' found for type 'Coupon'
	at org.springframework.beans.factory.support.AbstractAutowireCapableBeanFactory.initializeBean(AbstractAutowireCapableBeanFactory.java:1804)
	at org.springframework.beans.factory.support.AbstractAutowireCapableBeanFactory.doCreateBean(AbstractAutowireCapableBeanFactory.java:620)
	at org.springframework.beans.factory.support.AbstractAutowireCapableBeanFactory.createBean(AbstractAutowireCapableBeanFactory.java:542)
	at org.springframework.beans.factory.support.AbstractBeanFactory.lambda$doGetBean$0(AbstractBeanFactory.java:335)
	at org.springframework.beans.factory.support.DefaultSingletonBeanRegistry.getSingleton(DefaultSingletonBeanRegistry.java:234)
	at org.springframework.beans.factory.support.AbstractBeanFactory.doGetBean(AbstractBeanFactory.java:333)
	at org.springframework.beans.factory.support.AbstractBeanFactory.getBean(AbstractBeanFactory.java:208)
	at org.springframework.beans.factory.config.DependencyDescriptor.resolveCandidate(DependencyDescriptor.java:276)
	at org.springframework.beans.factory.support.DefaultListableBeanFactory.doResolveDependency(DefaultListableBeanFactory.java:1391)
	at org.springframework.beans.factory.support.DefaultListableBeanFactory.resolveDependency(DefaultListableBeanFactory.java:1311)
	at org.springframework.beans.factory.support.ConstructorResolver.resolveAutowiredArgument(ConstructorResolver.java:887)
	at org.springframework.beans.factory.support.ConstructorResolver.createArgumentArray(ConstructorResolver.java:791)
	... 36 common frames omitted
Caused by: org.springframework.data.repository.query.QueryCreationException: Could not create query for public abstract team.kucing.anabulshopcare.entity.Coupon team.kucing.anabulshopcare.repository.CouponRepository.setLimitCoupon(java.lang.Long); Reason: Failed to create query for method public abstract team.kucing.anabulshopcare.entity.Coupon team.kucing.anabulshopcare.repository.CouponRepository.setLimitCoupon(java.lang.Long)! No property 'setLimitCoupon' found for type 'Coupon'; nested exception is java.lang.IllegalArgumentException: Failed to create query for method public abstract team.kucing.anabulshopcare.entity.Coupon team.kucing.anabulshopcare.repository.CouponRepository.setLimitCoupon(java.lang.Long)! No property 'setLimitCoupon' found for type 'Coupon'
	at org.springframework.data.repository.query.QueryCreationException.create(QueryCreationException.java:101)
	at org.springframework.data.repository.core.support.QueryExecutorMethodInterceptor.lookupQuery(QueryExecutorMethodInterceptor.java:107)
	at org.springframework.data.repository.core.support.QueryExecutorMethodInterceptor.lambda$mapMethodsToQuery$1(QueryExecutorMethodInterceptor.java:95)
	at java.base/java.util.stream.ReferencePipeline$3$1.accept(ReferencePipeline.java:197)
	at java.base/java.util.Iterator.forEachRemaining(Iterator.java:133)
	at java.base/java.util.Collections$UnmodifiableCollection$1.forEachRemaining(Collections.java:1061)
	at java.base/java.util.Spliterators$IteratorSpliterator.forEachRemaining(Spliterators.java:1845)
	at java.base/java.util.stream.AbstractPipeline.copyInto(AbstractPipeline.java:509)
	at java.base/java.util.stream.AbstractPipeline.wrapAndCopyInto(AbstractPipeline.java:499)
	at java.base/java.util.stream.ReduceOps$ReduceOp.evaluateSequential(ReduceOps.java:921)
	at java.base/java.util.stream.AbstractPipeline.evaluate(AbstractPipeline.java:234)
	at java.base/java.util.stream.ReferencePipeline.collect(ReferencePipeline.java:682)
	at org.springframework.data.repository.core.support.QueryExecutorMethodInterceptor.mapMethodsToQuery(QueryExecutorMethodInterceptor.java:97)
	at org.springframework.data.repository.core.support.QueryExecutorMethodInterceptor.lambda$new$0(QueryExecutorMethodInterceptor.java:87)
	at java.base/java.util.Optional.map(Optional.java:260)
	at org.springframework.data.repository.core.support.QueryExecutorMethodInterceptor.<init>(QueryExecutorMethodInterceptor.java:87)
	at org.springframework.data.repository.core.support.RepositoryFactorySupport.getRepository(RepositoryFactorySupport.java:365)
	at org.springframework.data.repository.core.support.RepositoryFactoryBeanSupport.lambda$afterPropertiesSet$5(RepositoryFactoryBeanSupport.java:323)
	at org.springframework.data.util.Lazy.getNullable(Lazy.java:231)
	at org.springframework.data.util.Lazy.get(Lazy.java:115)
	at org.springframework.data.repository.core.support.RepositoryFactoryBeanSupport.afterPropertiesSet(RepositoryFactoryBeanSupport.java:329)
	at org.springframework.data.jpa.repository.support.JpaRepositoryFactoryBean.afterPropertiesSet(JpaRepositoryFactoryBean.java:144)
	at org.springframework.beans.factory.support.AbstractAutowireCapableBeanFactory.invokeInitMethods(AbstractAutowireCapableBeanFactory.java:1863)
	at org.springframework.beans.factory.support.AbstractAutowireCapableBeanFactory.initializeBean(AbstractAutowireCapableBeanFactory.java:1800)
	... 47 common frames omitted
Caused by: java.lang.IllegalArgumentException: Failed to create query for method public abstract team.kucing.anabulshopcare.entity.Coupon team.kucing.anabulshopcare.repository.CouponRepository.setLimitCoupon(java.lang.Long)! No property 'setLimitCoupon' found for type 'Coupon'
	at org.springframework.data.jpa.repository.query.PartTreeJpaQuery.<init>(PartTreeJpaQuery.java:96)
	at org.springframework.data.jpa.repository.query.JpaQueryLookupStrategy$CreateQueryLookupStrategy.resolveQuery(JpaQueryLookupStrategy.java:119)
	at org.springframework.data.jpa.repository.query.JpaQueryLookupStrategy$CreateIfNotFoundQueryLookupStrategy.resolveQuery(JpaQueryLookupStrategy.java:259)
	at org.springframework.data.jpa.repository.query.JpaQueryLookupStrategy$AbstractQueryLookupStrategy.resolveQuery(JpaQueryLookupStrategy.java:93)
	at org.springframework.data.repository.core.support.QueryExecutorMethodInterceptor.lookupQuery(QueryExecutorMethodInterceptor.java:103)
	... 69 common frames omitted
Caused by: org.springframework.data.mapping.PropertyReferenceException: No property 'setLimitCoupon' found for type 'Coupon'
	at org.springframework.data.mapping.PropertyPath.<init>(PropertyPath.java:91)
	at org.springframework.data.mapping.PropertyPath.create(PropertyPath.java:438)
	at org.springframework.data.mapping.PropertyPath.create(PropertyPath.java:414)
	at org.springframework.data.mapping.PropertyPath.lambda$from$0(PropertyPath.java:367)
	at java.base/java.util.concurrent.ConcurrentMap.computeIfAbsent(ConcurrentMap.java:330)
	at org.springframework.data.mapping.PropertyPath.from(PropertyPath.java:349)
	at org.springframework.data.mapping.PropertyPath.from(PropertyPath.java:332)
	at org.springframework.data.repository.query.parser.Part.<init>(Part.java:81)
	at org.springframework.data.repository.query.parser.PartTree$OrPart.lambda$new$0(PartTree.java:250)
	at java.base/java.util.stream.ReferencePipeline$3$1.accept(ReferencePipeline.java:197)
	at java.base/java.util.stream.ReferencePipeline$2$1.accept(ReferencePipeline.java:179)
	at java.base/java.util.Spliterators$ArraySpliterator.forEachRemaining(Spliterators.java:992)
	at java.base/java.util.stream.AbstractPipeline.copyInto(AbstractPipeline.java:509)
	at java.base/java.util.stream.AbstractPipeline.wrapAndCopyInto(AbstractPipeline.java:499)
	at java.base/java.util.stream.ReduceOps$ReduceOp.evaluateSequential(ReduceOps.java:921)
	at java.base/java.util.stream.AbstractPipeline.evaluate(AbstractPipeline.java:234)
	at java.base/java.util.stream.ReferencePipeline.collect(ReferencePipeline.java:682)
	at org.springframework.data.repository.query.parser.PartTree$OrPart.<init>(PartTree.java:251)
	at org.springframework.data.repository.query.parser.PartTree$Predicate.lambda$new$0(PartTree.java:384)
	at java.base/java.util.stream.ReferencePipeline$3$1.accept(ReferencePipeline.java:197)
	at java.base/java.util.stream.ReferencePipeline$2$1.accept(ReferencePipeline.java:179)
	at java.base/java.util.Spliterators$ArraySpliterator.forEachRemaining(Spliterators.java:992)
	at java.base/java.util.stream.AbstractPipeline.copyInto(AbstractPipeline.java:509)
	at java.base/java.util.stream.AbstractPipeline.wrapAndCopyInto(AbstractPipeline.java:499)
	at java.base/java.util.stream.ReduceOps$ReduceOp.evaluateSequential(ReduceOps.java:921)
	at java.base/java.util.stream.AbstractPipeline.evaluate(AbstractPipeline.java:234)
	at java.base/java.util.stream.ReferencePipeline.collect(ReferencePipeline.java:682)
	at org.springframework.data.repository.query.parser.PartTree$Predicate.<init>(PartTree.java:385)
	at org.springframework.data.repository.query.parser.PartTree.<init>(PartTree.java:93)
	at org.springframework.data.jpa.repository.query.PartTreeJpaQuery.<init>(PartTreeJpaQuery.java:89)
	... 73 common frames omitted
2022-08-09 23:34:20,383 INFO org.springframework.boot.StartupInfoLogger [restartedMain] Starting AnabulShopCareApplication using Java 18.0.2 on DESKTOP-L8RUQ5E with PID 12260 (C:\Users\bootcamp\anabul-shop-care\target\classes started by Yellia Viona in C:\Users\bootcamp\anabul-shop-care)
2022-08-09 23:34:20,387 DEBUG org.springframework.boot.StartupInfoLogger [restartedMain] Running with Spring Boot v2.7.2, Spring v5.3.22
2022-08-09 23:34:20,389 INFO org.springframework.boot.SpringApplication [restartedMain] No active profile set, falling back to 1 default profile: "default"
2022-08-09 23:34:33,772 WARN org.springframework.context.support.AbstractApplicationContext [restartedMain] Exception encountered during context initialization - cancelling refresh attempt: org.springframework.beans.factory.UnsatisfiedDependencyException: Error creating bean with name 'checkoutController' defined in file [C:\Users\bootcamp\anabul-shop-care\target\classes\team\kucing\anabulshopcare\resources\rest\CheckoutController.class]: Unsatisfied dependency expressed through constructor parameter 0; nested exception is org.springframework.beans.factory.UnsatisfiedDependencyException: Error creating bean with name 'checkoutServiceImpl' defined in file [C:\Users\bootcamp\anabul-shop-care\target\classes\team\kucing\anabulshopcare\service\impl\CheckoutServiceImpl.class]: Unsatisfied dependency expressed through constructor parameter 3; nested exception is org.springframework.beans.factory.BeanCreationException: Error creating bean with name 'couponRepository' defined in team.kucing.anabulshopcare.repository.CouponRepository defined in @EnableJpaRepositories declared on JpaRepositoriesRegistrar.EnableJpaRepositoriesConfiguration: Invocation of init method failed; nested exception is org.springframework.data.repository.query.QueryCreationException: Could not create query for public abstract team.kucing.anabulshopcare.entity.Coupon team.kucing.anabulshopcare.repository.CouponRepository.setTotalCoupon(java.lang.Long); Reason: Failed to create query for method public abstract team.kucing.anabulshopcare.entity.Coupon team.kucing.anabulshopcare.repository.CouponRepository.setTotalCoupon(java.lang.Long)! No property 'setTotalCoupon' found for type 'Coupon'; nested exception is java.lang.IllegalArgumentException: Failed to create query for method public abstract team.kucing.anabulshopcare.entity.Coupon team.kucing.anabulshopcare.repository.CouponRepository.setTotalCoupon(java.lang.Long)! No property 'setTotalCoupon' found for type 'Coupon'
2022-08-09 23:34:33,925 ERROR org.springframework.boot.SpringApplication [restartedMain] Application run failed
org.springframework.beans.factory.UnsatisfiedDependencyException: Error creating bean with name 'checkoutController' defined in file [C:\Users\bootcamp\anabul-shop-care\target\classes\team\kucing\anabulshopcare\resources\rest\CheckoutController.class]: Unsatisfied dependency expressed through constructor parameter 0; nested exception is org.springframework.beans.factory.UnsatisfiedDependencyException: Error creating bean with name 'checkoutServiceImpl' defined in file [C:\Users\bootcamp\anabul-shop-care\target\classes\team\kucing\anabulshopcare\service\impl\CheckoutServiceImpl.class]: Unsatisfied dependency expressed through constructor parameter 3; nested exception is org.springframework.beans.factory.BeanCreationException: Error creating bean with name 'couponRepository' defined in team.kucing.anabulshopcare.repository.CouponRepository defined in @EnableJpaRepositories declared on JpaRepositoriesRegistrar.EnableJpaRepositoriesConfiguration: Invocation of init method failed; nested exception is org.springframework.data.repository.query.QueryCreationException: Could not create query for public abstract team.kucing.anabulshopcare.entity.Coupon team.kucing.anabulshopcare.repository.CouponRepository.setTotalCoupon(java.lang.Long); Reason: Failed to create query for method public abstract team.kucing.anabulshopcare.entity.Coupon team.kucing.anabulshopcare.repository.CouponRepository.setTotalCoupon(java.lang.Long)! No property 'setTotalCoupon' found for type 'Coupon'; nested exception is java.lang.IllegalArgumentException: Failed to create query for method public abstract team.kucing.anabulshopcare.entity.Coupon team.kucing.anabulshopcare.repository.CouponRepository.setTotalCoupon(java.lang.Long)! No property 'setTotalCoupon' found for type 'Coupon'
	at org.springframework.beans.factory.support.ConstructorResolver.createArgumentArray(ConstructorResolver.java:800)
	at org.springframework.beans.factory.support.ConstructorResolver.autowireConstructor(ConstructorResolver.java:229)
	at org.springframework.beans.factory.support.AbstractAutowireCapableBeanFactory.autowireConstructor(AbstractAutowireCapableBeanFactory.java:1372)
	at org.springframework.beans.factory.support.AbstractAutowireCapableBeanFactory.createBeanInstance(AbstractAutowireCapableBeanFactory.java:1222)
	at org.springframework.beans.factory.support.AbstractAutowireCapableBeanFactory.doCreateBean(AbstractAutowireCapableBeanFactory.java:582)
	at org.springframework.beans.factory.support.AbstractAutowireCapableBeanFactory.createBean(AbstractAutowireCapableBeanFactory.java:542)
	at org.springframework.beans.factory.support.AbstractBeanFactory.lambda$doGetBean$0(AbstractBeanFactory.java:335)
	at org.springframework.beans.factory.support.DefaultSingletonBeanRegistry.getSingleton(DefaultSingletonBeanRegistry.java:234)
	at org.springframework.beans.factory.support.AbstractBeanFactory.doGetBean(AbstractBeanFactory.java:333)
	at org.springframework.beans.factory.support.AbstractBeanFactory.getBean(AbstractBeanFactory.java:208)
	at org.springframework.beans.factory.support.DefaultListableBeanFactory.preInstantiateSingletons(DefaultListableBeanFactory.java:955)
	at org.springframework.context.support.AbstractApplicationContext.finishBeanFactoryInitialization(AbstractApplicationContext.java:918)
	at org.springframework.context.support.AbstractApplicationContext.refresh(AbstractApplicationContext.java:583)
	at org.springframework.boot.web.servlet.context.ServletWebServerApplicationContext.refresh(ServletWebServerApplicationContext.java:147)
	at org.springframework.boot.SpringApplication.refresh(SpringApplication.java:734)
	at org.springframework.boot.SpringApplication.refreshContext(SpringApplication.java:408)
	at org.springframework.boot.SpringApplication.run(SpringApplication.java:308)
	at org.springframework.boot.SpringApplication.run(SpringApplication.java:1306)
	at org.springframework.boot.SpringApplication.run(SpringApplication.java:1295)
	at team.kucing.anabulshopcare.AnabulShopCareApplication.main(AnabulShopCareApplication.java:17)
	at java.base/jdk.internal.reflect.DirectMethodHandleAccessor.invoke(DirectMethodHandleAccessor.java:104)
	at java.base/java.lang.reflect.Method.invoke(Method.java:577)
	at org.springframework.boot.devtools.restart.RestartLauncher.run(RestartLauncher.java:49)
Caused by: org.springframework.beans.factory.UnsatisfiedDependencyException: Error creating bean with name 'checkoutServiceImpl' defined in file [C:\Users\bootcamp\anabul-shop-care\target\classes\team\kucing\anabulshopcare\service\impl\CheckoutServiceImpl.class]: Unsatisfied dependency expressed through constructor parameter 3; nested exception is org.springframework.beans.factory.BeanCreationException: Error creating bean with name 'couponRepository' defined in team.kucing.anabulshopcare.repository.CouponRepository defined in @EnableJpaRepositories declared on JpaRepositoriesRegistrar.EnableJpaRepositoriesConfiguration: Invocation of init method failed; nested exception is org.springframework.data.repository.query.QueryCreationException: Could not create query for public abstract team.kucing.anabulshopcare.entity.Coupon team.kucing.anabulshopcare.repository.CouponRepository.setTotalCoupon(java.lang.Long); Reason: Failed to create query for method public abstract team.kucing.anabulshopcare.entity.Coupon team.kucing.anabulshopcare.repository.CouponRepository.setTotalCoupon(java.lang.Long)! No property 'setTotalCoupon' found for type 'Coupon'; nested exception is java.lang.IllegalArgumentException: Failed to create query for method public abstract team.kucing.anabulshopcare.entity.Coupon team.kucing.anabulshopcare.repository.CouponRepository.setTotalCoupon(java.lang.Long)! No property 'setTotalCoupon' found for type 'Coupon'
	at org.springframework.beans.factory.support.ConstructorResolver.createArgumentArray(ConstructorResolver.java:800)
	at org.springframework.beans.factory.support.ConstructorResolver.autowireConstructor(ConstructorResolver.java:229)
	at org.springframework.beans.factory.support.AbstractAutowireCapableBeanFactory.autowireConstructor(AbstractAutowireCapableBeanFactory.java:1372)
	at org.springframework.beans.factory.support.AbstractAutowireCapableBeanFactory.createBeanInstance(AbstractAutowireCapableBeanFactory.java:1222)
	at org.springframework.beans.factory.support.AbstractAutowireCapableBeanFactory.doCreateBean(AbstractAutowireCapableBeanFactory.java:582)
	at org.springframework.beans.factory.support.AbstractAutowireCapableBeanFactory.createBean(AbstractAutowireCapableBeanFactory.java:542)
	at org.springframework.beans.factory.support.AbstractBeanFactory.lambda$doGetBean$0(AbstractBeanFactory.java:335)
	at org.springframework.beans.factory.support.DefaultSingletonBeanRegistry.getSingleton(DefaultSingletonBeanRegistry.java:234)
	at org.springframework.beans.factory.support.AbstractBeanFactory.doGetBean(AbstractBeanFactory.java:333)
	at org.springframework.beans.factory.support.AbstractBeanFactory.getBean(AbstractBeanFactory.java:208)
	at org.springframework.beans.factory.config.DependencyDescriptor.resolveCandidate(DependencyDescriptor.java:276)
	at org.springframework.beans.factory.support.DefaultListableBeanFactory.doResolveDependency(DefaultListableBeanFactory.java:1391)
	at org.springframework.beans.factory.support.DefaultListableBeanFactory.resolveDependency(DefaultListableBeanFactory.java:1311)
	at org.springframework.beans.factory.support.ConstructorResolver.resolveAutowiredArgument(ConstructorResolver.java:887)
	at org.springframework.beans.factory.support.ConstructorResolver.createArgumentArray(ConstructorResolver.java:791)
	... 22 common frames omitted
Caused by: org.springframework.beans.factory.BeanCreationException: Error creating bean with name 'couponRepository' defined in team.kucing.anabulshopcare.repository.CouponRepository defined in @EnableJpaRepositories declared on JpaRepositoriesRegistrar.EnableJpaRepositoriesConfiguration: Invocation of init method failed; nested exception is org.springframework.data.repository.query.QueryCreationException: Could not create query for public abstract team.kucing.anabulshopcare.entity.Coupon team.kucing.anabulshopcare.repository.CouponRepository.setTotalCoupon(java.lang.Long); Reason: Failed to create query for method public abstract team.kucing.anabulshopcare.entity.Coupon team.kucing.anabulshopcare.repository.CouponRepository.setTotalCoupon(java.lang.Long)! No property 'setTotalCoupon' found for type 'Coupon'; nested exception is java.lang.IllegalArgumentException: Failed to create query for method public abstract team.kucing.anabulshopcare.entity.Coupon team.kucing.anabulshopcare.repository.CouponRepository.setTotalCoupon(java.lang.Long)! No property 'setTotalCoupon' found for type 'Coupon'
	at org.springframework.beans.factory.support.AbstractAutowireCapableBeanFactory.initializeBean(AbstractAutowireCapableBeanFactory.java:1804)
	at org.springframework.beans.factory.support.AbstractAutowireCapableBeanFactory.doCreateBean(AbstractAutowireCapableBeanFactory.java:620)
	at org.springframework.beans.factory.support.AbstractAutowireCapableBeanFactory.createBean(AbstractAutowireCapableBeanFactory.java:542)
	at org.springframework.beans.factory.support.AbstractBeanFactory.lambda$doGetBean$0(AbstractBeanFactory.java:335)
	at org.springframework.beans.factory.support.DefaultSingletonBeanRegistry.getSingleton(DefaultSingletonBeanRegistry.java:234)
	at org.springframework.beans.factory.support.AbstractBeanFactory.doGetBean(AbstractBeanFactory.java:333)
	at org.springframework.beans.factory.support.AbstractBeanFactory.getBean(AbstractBeanFactory.java:208)
	at org.springframework.beans.factory.config.DependencyDescriptor.resolveCandidate(DependencyDescriptor.java:276)
	at org.springframework.beans.factory.support.DefaultListableBeanFactory.doResolveDependency(DefaultListableBeanFactory.java:1391)
	at org.springframework.beans.factory.support.DefaultListableBeanFactory.resolveDependency(DefaultListableBeanFactory.java:1311)
	at org.springframework.beans.factory.support.ConstructorResolver.resolveAutowiredArgument(ConstructorResolver.java:887)
	at org.springframework.beans.factory.support.ConstructorResolver.createArgumentArray(ConstructorResolver.java:791)
	... 36 common frames omitted
Caused by: org.springframework.data.repository.query.QueryCreationException: Could not create query for public abstract team.kucing.anabulshopcare.entity.Coupon team.kucing.anabulshopcare.repository.CouponRepository.setTotalCoupon(java.lang.Long); Reason: Failed to create query for method public abstract team.kucing.anabulshopcare.entity.Coupon team.kucing.anabulshopcare.repository.CouponRepository.setTotalCoupon(java.lang.Long)! No property 'setTotalCoupon' found for type 'Coupon'; nested exception is java.lang.IllegalArgumentException: Failed to create query for method public abstract team.kucing.anabulshopcare.entity.Coupon team.kucing.anabulshopcare.repository.CouponRepository.setTotalCoupon(java.lang.Long)! No property 'setTotalCoupon' found for type 'Coupon'
	at org.springframework.data.repository.query.QueryCreationException.create(QueryCreationException.java:101)
	at org.springframework.data.repository.core.support.QueryExecutorMethodInterceptor.lookupQuery(QueryExecutorMethodInterceptor.java:107)
	at org.springframework.data.repository.core.support.QueryExecutorMethodInterceptor.lambda$mapMethodsToQuery$1(QueryExecutorMethodInterceptor.java:95)
	at java.base/java.util.stream.ReferencePipeline$3$1.accept(ReferencePipeline.java:197)
	at java.base/java.util.Iterator.forEachRemaining(Iterator.java:133)
	at java.base/java.util.Collections$UnmodifiableCollection$1.forEachRemaining(Collections.java:1061)
	at java.base/java.util.Spliterators$IteratorSpliterator.forEachRemaining(Spliterators.java:1845)
	at java.base/java.util.stream.AbstractPipeline.copyInto(AbstractPipeline.java:509)
	at java.base/java.util.stream.AbstractPipeline.wrapAndCopyInto(AbstractPipeline.java:499)
	at java.base/java.util.stream.ReduceOps$ReduceOp.evaluateSequential(ReduceOps.java:921)
	at java.base/java.util.stream.AbstractPipeline.evaluate(AbstractPipeline.java:234)
	at java.base/java.util.stream.ReferencePipeline.collect(ReferencePipeline.java:682)
	at org.springframework.data.repository.core.support.QueryExecutorMethodInterceptor.mapMethodsToQuery(QueryExecutorMethodInterceptor.java:97)
	at org.springframework.data.repository.core.support.QueryExecutorMethodInterceptor.lambda$new$0(QueryExecutorMethodInterceptor.java:87)
	at java.base/java.util.Optional.map(Optional.java:260)
	at org.springframework.data.repository.core.support.QueryExecutorMethodInterceptor.<init>(QueryExecutorMethodInterceptor.java:87)
	at org.springframework.data.repository.core.support.RepositoryFactorySupport.getRepository(RepositoryFactorySupport.java:365)
	at org.springframework.data.repository.core.support.RepositoryFactoryBeanSupport.lambda$afterPropertiesSet$5(RepositoryFactoryBeanSupport.java:323)
	at org.springframework.data.util.Lazy.getNullable(Lazy.java:231)
	at org.springframework.data.util.Lazy.get(Lazy.java:115)
	at org.springframework.data.repository.core.support.RepositoryFactoryBeanSupport.afterPropertiesSet(RepositoryFactoryBeanSupport.java:329)
	at org.springframework.data.jpa.repository.support.JpaRepositoryFactoryBean.afterPropertiesSet(JpaRepositoryFactoryBean.java:144)
	at org.springframework.beans.factory.support.AbstractAutowireCapableBeanFactory.invokeInitMethods(AbstractAutowireCapableBeanFactory.java:1863)
	at org.springframework.beans.factory.support.AbstractAutowireCapableBeanFactory.initializeBean(AbstractAutowireCapableBeanFactory.java:1800)
	... 47 common frames omitted
Caused by: java.lang.IllegalArgumentException: Failed to create query for method public abstract team.kucing.anabulshopcare.entity.Coupon team.kucing.anabulshopcare.repository.CouponRepository.setTotalCoupon(java.lang.Long)! No property 'setTotalCoupon' found for type 'Coupon'
	at org.springframework.data.jpa.repository.query.PartTreeJpaQuery.<init>(PartTreeJpaQuery.java:96)
	at org.springframework.data.jpa.repository.query.JpaQueryLookupStrategy$CreateQueryLookupStrategy.resolveQuery(JpaQueryLookupStrategy.java:119)
	at org.springframework.data.jpa.repository.query.JpaQueryLookupStrategy$CreateIfNotFoundQueryLookupStrategy.resolveQuery(JpaQueryLookupStrategy.java:259)
	at org.springframework.data.jpa.repository.query.JpaQueryLookupStrategy$AbstractQueryLookupStrategy.resolveQuery(JpaQueryLookupStrategy.java:93)
	at org.springframework.data.repository.core.support.QueryExecutorMethodInterceptor.lookupQuery(QueryExecutorMethodInterceptor.java:103)
	... 69 common frames omitted
Caused by: org.springframework.data.mapping.PropertyReferenceException: No property 'setTotalCoupon' found for type 'Coupon'
	at org.springframework.data.mapping.PropertyPath.<init>(PropertyPath.java:91)
	at org.springframework.data.mapping.PropertyPath.create(PropertyPath.java:438)
	at org.springframework.data.mapping.PropertyPath.create(PropertyPath.java:414)
	at org.springframework.data.mapping.PropertyPath.lambda$from$0(PropertyPath.java:367)
	at java.base/java.util.concurrent.ConcurrentMap.computeIfAbsent(ConcurrentMap.java:330)
	at org.springframework.data.mapping.PropertyPath.from(PropertyPath.java:349)
	at org.springframework.data.mapping.PropertyPath.from(PropertyPath.java:332)
	at org.springframework.data.repository.query.parser.Part.<init>(Part.java:81)
	at org.springframework.data.repository.query.parser.PartTree$OrPart.lambda$new$0(PartTree.java:250)
	at java.base/java.util.stream.ReferencePipeline$3$1.accept(ReferencePipeline.java:197)
	at java.base/java.util.stream.ReferencePipeline$2$1.accept(ReferencePipeline.java:179)
	at java.base/java.util.Spliterators$ArraySpliterator.forEachRemaining(Spliterators.java:992)
	at java.base/java.util.stream.AbstractPipeline.copyInto(AbstractPipeline.java:509)
	at java.base/java.util.stream.AbstractPipeline.wrapAndCopyInto(AbstractPipeline.java:499)
	at java.base/java.util.stream.ReduceOps$ReduceOp.evaluateSequential(ReduceOps.java:921)
	at java.base/java.util.stream.AbstractPipeline.evaluate(AbstractPipeline.java:234)
	at java.base/java.util.stream.ReferencePipeline.collect(ReferencePipeline.java:682)
	at org.springframework.data.repository.query.parser.PartTree$OrPart.<init>(PartTree.java:251)
	at org.springframework.data.repository.query.parser.PartTree$Predicate.lambda$new$0(PartTree.java:384)
	at java.base/java.util.stream.ReferencePipeline$3$1.accept(ReferencePipeline.java:197)
	at java.base/java.util.stream.ReferencePipeline$2$1.accept(ReferencePipeline.java:179)
	at java.base/java.util.Spliterators$ArraySpliterator.forEachRemaining(Spliterators.java:992)
	at java.base/java.util.stream.AbstractPipeline.copyInto(AbstractPipeline.java:509)
	at java.base/java.util.stream.AbstractPipeline.wrapAndCopyInto(AbstractPipeline.java:499)
	at java.base/java.util.stream.ReduceOps$ReduceOp.evaluateSequential(ReduceOps.java:921)
	at java.base/java.util.stream.AbstractPipeline.evaluate(AbstractPipeline.java:234)
	at java.base/java.util.stream.ReferencePipeline.collect(ReferencePipeline.java:682)
	at org.springframework.data.repository.query.parser.PartTree$Predicate.<init>(PartTree.java:385)
	at org.springframework.data.repository.query.parser.PartTree.<init>(PartTree.java:93)
	at org.springframework.data.jpa.repository.query.PartTreeJpaQuery.<init>(PartTreeJpaQuery.java:89)
	... 73 common frames omitted
2022-08-09 23:35:55,362 INFO org.springframework.boot.StartupInfoLogger [restartedMain] Starting AnabulShopCareApplication using Java 18.0.2 on DESKTOP-L8RUQ5E with PID 8432 (C:\Users\bootcamp\anabul-shop-care\target\classes started by Yellia Viona in C:\Users\bootcamp\anabul-shop-care)
2022-08-09 23:35:55,367 DEBUG org.springframework.boot.StartupInfoLogger [restartedMain] Running with Spring Boot v2.7.2, Spring v5.3.22
2022-08-09 23:35:55,369 INFO org.springframework.boot.SpringApplication [restartedMain] No active profile set, falling back to 1 default profile: "default"
2022-08-09 23:36:11,483 WARN org.springframework.boot.autoconfigure.orm.jpa.JpaBaseConfiguration$JpaWebConfiguration [restartedMain] spring.jpa.open-in-view is enabled by default. Therefore, database queries may be performed during view rendering. Explicitly configure spring.jpa.open-in-view to disable this warning
2022-08-09 23:36:16,318 INFO org.springframework.boot.StartupInfoLogger [restartedMain] Started AnabulShopCareApplication in 22.529 seconds (JVM running for 24.268)
2022-08-09 23:37:25,690 WARN org.hibernate.engine.jdbc.spi.SqlExceptionHelper [http-nio-8081-exec-4] SQL Error: 0, SQLState: 23502
2022-08-09 23:37:25,691 ERROR org.hibernate.engine.jdbc.spi.SqlExceptionHelper [http-nio-8081-exec-4] ERROR: null value in column "coupon_created_at" violates not-null constraint
  Detail: Failing row contains (b4fa6ed2-1b21-4af6-9e3b-b5db0c52a75d, MERDEKA, null, null, f, null, 10000, 2022-08-09 23:37:25.629, 2022-08-09 23:37:25.629).
2022-08-09 23:37:25,759 WARN org.springframework.web.servlet.handler.AbstractHandlerExceptionResolver [http-nio-8081-exec-4] Resolved [org.springframework.dao.DataIntegrityViolationException: could not execute statement; SQL [n/a]; constraint [coupon_created_at]; nested exception is org.hibernate.exception.ConstraintViolationException: could not execute statement]
2022-08-09 23:40:30,517 INFO org.springframework.boot.StartupInfoLogger [restartedMain] Starting AnabulShopCareApplication using Java 18.0.2 on DESKTOP-L8RUQ5E with PID 12636 (C:\Users\bootcamp\anabul-shop-care\target\classes started by Yellia Viona in C:\Users\bootcamp\anabul-shop-care)
2022-08-09 23:40:30,522 DEBUG org.springframework.boot.StartupInfoLogger [restartedMain] Running with Spring Boot v2.7.2, Spring v5.3.22
2022-08-09 23:40:30,524 INFO org.springframework.boot.SpringApplication [restartedMain] No active profile set, falling back to 1 default profile: "default"
2022-08-09 23:40:45,304 WARN org.springframework.boot.autoconfigure.orm.jpa.JpaBaseConfiguration$JpaWebConfiguration [restartedMain] spring.jpa.open-in-view is enabled by default. Therefore, database queries may be performed during view rendering. Explicitly configure spring.jpa.open-in-view to disable this warning
2022-08-09 23:40:50,261 INFO org.springframework.boot.StartupInfoLogger [restartedMain] Started AnabulShopCareApplication in 21.103 seconds (JVM running for 22.991)
2022-08-09 23:41:16,862 INFO team.kucing.anabulshopcare.service.impl.CouponServiceImpl [http-nio-8081-exec-1] Coupon saved successfully team.kucing.anabulshopcare.entity.Coupon@1af0ae54
2022-08-09 23:43:49,967 INFO org.springframework.boot.StartupInfoLogger [restartedMain] Starting AnabulShopCareApplication using Java 18.0.2 on DESKTOP-L8RUQ5E with PID 3476 (C:\Users\bootcamp\anabul-shop-care\target\classes started by Yellia Viona in C:\Users\bootcamp\anabul-shop-care)
2022-08-09 23:43:49,971 DEBUG org.springframework.boot.StartupInfoLogger [restartedMain] Running with Spring Boot v2.7.2, Spring v5.3.22
2022-08-09 23:43:49,973 INFO org.springframework.boot.SpringApplication [restartedMain] No active profile set, falling back to 1 default profile: "default"
2022-08-09 23:44:04,717 WARN org.springframework.boot.autoconfigure.orm.jpa.JpaBaseConfiguration$JpaWebConfiguration [restartedMain] spring.jpa.open-in-view is enabled by default. Therefore, database queries may be performed during view rendering. Explicitly configure spring.jpa.open-in-view to disable this warning
2022-08-09 23:44:09,725 INFO org.springframework.boot.StartupInfoLogger [restartedMain] Started AnabulShopCareApplication in 21.082 seconds (JVM running for 22.684)
2022-08-09 23:44:27,813 INFO team.kucing.anabulshopcare.service.impl.CouponServiceImpl [http-nio-8081-exec-1] Coupon saved successfully team.kucing.anabulshopcare.entity.Coupon@1af0ae54
